2026-06-04 12:33:04.470 | INFO     | __main__:main:270 - START phase1 cluster | RSS=0.19GB
2026-06-04 12:33:07.911 | INFO     | __main__:operational_audit:108 - [1.2] operational_state_audit.csv + vs_physics plot (decision C: validation-only)
2026-06-04 12:33:08.670 | INFO     | __main__:build_windows:126 - [1.3] windowed 1/246 RSS=0.44GB
2026-06-04 12:33:13.922 | INFO     | __main__:build_windows:126 - [1.3] windowed 31/246 RSS=0.78GB
2026-06-04 12:33:19.336 | INFO     | __main__:build_windows:126 - [1.3] windowed 61/246 RSS=0.93GB
2026-06-04 12:33:24.449 | INFO     | __main__:build_windows:126 - [1.3] windowed 91/246 RSS=1.04GB
2026-06-04 12:33:29.891 | INFO     | __main__:build_windows:126 - [1.3] windowed 121/246 RSS=1.11GB
2026-06-04 12:33:34.401 | INFO     | __main__:build_windows:126 - [1.3] windowed 151/246 RSS=1.09GB
2026-06-04 12:33:39.890 | INFO     | __main__:build_windows:126 - [1.3] windowed 181/246 RSS=1.05GB
2026-06-04 12:33:45.140 | INFO     | __main__:build_windows:126 - [1.3] windowed 211/246 RSS=1.15GB
2026-06-04 12:33:50.660 | INFO     | __main__:build_windows:126 - [1.3] windowed 241/246 RSS=1.20GB
2026-06-04 12:33:51.485 | INFO     | __main__:build_windows:126 - [1.3] windowed 246/246 RSS=1.21GB
2026-06-04 12:33:51.624 | INFO     | __main__:build_windows:129 - [1.3] train_windows.parquet: 248 windows, 205 cols
2026-06-04 12:33:51.698 | INFO     | __main__:cluster:148 - [1.4] PCA: 15 comps for 95% var (from 172 window features)
2026-06-04 12:33:56.089 | INFO     | __main__:cluster:169 - [1.4] k=2 sil=0.580 db=1.096
2026-06-04 12:33:56.136 | INFO     | __main__:cluster:169 - [1.4] k=3 sil=0.583 db=0.705
2026-06-04 12:33:56.183 | INFO     | __main__:cluster:169 - [1.4] k=4 sil=0.595 db=0.633
2026-06-04 12:33:56.235 | INFO     | __main__:cluster:169 - [1.4] k=5 sil=0.292 db=0.860
2026-06-04 12:33:56.288 | INFO     | __main__:cluster:169 - [1.4] k=6 sil=0.286 db=0.772
2026-06-04 12:33:56.515 | INFO     | __main__:cluster:181 - [1.4] best silhouette at k=4; plan default k=4
2026-06-04 12:33:56.647 | WARNING  | __main__:interpret_clusters:238 - [1.4] rule-based labels collided; used velocity-rank fallback
2026-06-04 12:33:56.651 | INFO     | __main__:interpret_clusters:244 - [1.4] cluster labels: {1: 'standing', 3: 'braking', 0: 'accelerating', 2: 'cruising'}
2026-06-04 12:33:57.124 | INFO     | __main__:cluster:192 - [1.4] train_windows_labeled.parquet saved | RSS=1.20GB
2026-06-04 12:33:57.124 | INFO     | __main__:main:274 - DONE phase1 cluster | best_sil_k=4 | RSS=1.20GB
2026-06-04 13:09:12.030 | INFO     | __main__:main:270 - START phase1 cluster | RSS=0.19GB
2026-06-04 13:09:19.462 | INFO     | __main__:operational_audit:108 - [1.2] operational_state_audit.csv + vs_physics plot (decision C: validation-only)
2026-06-04 13:09:23.709 | INFO     | __main__:build_windows:126 - [1.3] windowed 1/246 RSS=0.43GB
2026-06-04 13:11:12.933 | INFO     | __main__:build_windows:126 - [1.3] windowed 31/246 RSS=1.08GB
2026-06-04 13:13:08.258 | INFO     | __main__:build_windows:126 - [1.3] windowed 61/246 RSS=1.54GB
2026-06-04 13:14:55.790 | INFO     | __main__:build_windows:126 - [1.3] windowed 91/246 RSS=1.95GB
2026-06-04 13:16:54.545 | INFO     | __main__:build_windows:126 - [1.3] windowed 121/246 RSS=2.15GB
2026-06-04 13:18:31.800 | INFO     | __main__:build_windows:126 - [1.3] windowed 151/246 RSS=2.33GB
2026-06-04 13:20:32.729 | INFO     | __main__:build_windows:126 - [1.3] windowed 181/246 RSS=2.69GB
2026-06-04 13:22:30.991 | INFO     | __main__:build_windows:126 - [1.3] windowed 211/246 RSS=3.05GB
2026-06-04 13:24:28.119 | INFO     | __main__:build_windows:126 - [1.3] windowed 241/246 RSS=3.44GB
2026-06-04 13:24:46.015 | INFO     | __main__:build_windows:126 - [1.3] windowed 246/246 RSS=3.51GB
2026-06-04 13:24:57.974 | INFO     | __main__:build_windows:129 - [1.3] train_windows.parquet: 1,490,497 windows, 205 cols
2026-06-04 13:25:06.429 | INFO     | __main__:cluster:148 - [1.4] PCA: 31 comps for 95% var (from 172 window features)
2026-06-04 13:25:15.026 | INFO     | __main__:cluster:169 - [1.4] k=2 sil=0.297 db=1.431
2026-06-04 13:25:19.632 | INFO     | __main__:cluster:169 - [1.4] k=3 sil=0.362 db=1.092
2026-06-04 13:25:24.476 | INFO     | __main__:cluster:169 - [1.4] k=4 sil=0.373 db=0.979
2026-06-04 13:25:29.610 | INFO     | __main__:cluster:169 - [1.4] k=5 sil=0.305 db=1.166
2026-06-04 13:25:35.261 | INFO     | __main__:cluster:169 - [1.4] k=6 sil=0.340 db=1.069
2026-06-04 13:25:35.509 | INFO     | __main__:cluster:181 - [1.4] best silhouette at k=4; plan default k=4
2026-06-04 13:25:50.131 | WARNING  | __main__:interpret_clusters:238 - [1.4] rule-based labels collided; used velocity-rank fallback
2026-06-04 13:25:50.164 | INFO     | __main__:interpret_clusters:244 - [1.4] cluster labels: {0: 'standing', 2: 'braking', 3: 'accelerating', 1: 'cruising'}
2026-06-04 13:26:03.957 | INFO     | __main__:cluster:192 - [1.4] train_windows_labeled.parquet saved | RSS=3.93GB
2026-06-04 13:26:04.690 | INFO     | __main__:main:274 - DONE phase1 cluster | best_sil_k=4 | RSS=3.49GB
2026-06-04 13:53:02.783 | INFO     | __main__:main:264 - START phase1 cluster | RSS=0.19GB
2026-06-04 13:53:08.986 | INFO     | __main__:operational_audit:109 - [1.2] operational_state_audit.csv + vs_physics plot (decision C: validation-only)
2026-06-04 13:53:08.995 | INFO     | __main__:build_windows:118 - [1.3] checkpoint: train_windows.parquet exists — loading
2026-06-04 13:53:16.418 | INFO     | __main__:cluster:149 - [1.4] PCA: 31 comps for 95% var (from 172 window features)
2026-06-04 13:53:23.297 | INFO     | __main__:cluster:170 - [1.4] k=2 sil=0.297 db=1.431
2026-06-04 13:53:27.877 | INFO     | __main__:cluster:170 - [1.4] k=3 sil=0.362 db=1.092
2026-06-04 13:53:32.728 | INFO     | __main__:cluster:170 - [1.4] k=4 sil=0.373 db=0.979
2026-06-04 13:53:38.142 | INFO     | __main__:cluster:170 - [1.4] k=5 sil=0.305 db=1.166
2026-06-04 13:53:43.640 | INFO     | __main__:cluster:170 - [1.4] k=6 sil=0.340 db=1.069
2026-06-04 13:53:43.881 | INFO     | __main__:cluster:182 - [1.4] best silhouette at k=4; using K=3 (3-state model: 'accelerating' not separable in this data)
2026-06-04 13:53:51.850 | INFO     | __main__:interpret_clusters:238 - [1.4] cluster labels: {np.int32(2): 'cruising', np.int32(0): 'braking', 1: 'standing'}
2026-06-04 13:54:02.986 | INFO     | __main__:cluster:194 - [1.4] train_windows_labeled.parquet saved | RSS=10.35GB
2026-06-04 13:54:03.162 | INFO     | __main__:main:268 - DONE phase1 cluster | best_sil_k=4 | RSS=5.80GB
2026-06-14 11:51:22.184 | INFO     | __main__:main:242 - START phase1 kinematic cluster | RSS=0.20GB
2026-06-14 11:51:22.184 | INFO     | __main__:operational_audit:90 - [1.2] checkpoint: operational_state_audit.csv exists — skipping
2026-06-14 11:51:22.184 | INFO     | __main__:build_windows:118 - [1.3] checkpoint: train_windows.parquet exists — loading
2026-06-14 11:51:24.167 | INFO     | __main__:kinematic_cluster:168 - [1.4] kinematic clustering on 12 feats, 1,490,497 windows
2026-06-14 11:51:34.222 | INFO     | __main__:kinematic_cluster:189 - [1.4] k=2: sil=0.476 db=0.999 ari(km vs hier)=nan
2026-06-14 11:51:40.161 | INFO     | __main__:kinematic_cluster:189 - [1.4] k=3: sil=0.535 db=1.196 ari(km vs hier)=0.811
2026-06-14 11:51:46.661 | INFO     | __main__:kinematic_cluster:189 - [1.4] k=4: sil=0.567 db=1.091 ari(km vs hier)=0.766
2026-06-14 11:51:54.149 | INFO     | __main__:kinematic_cluster:189 - [1.4] k=5: sil=0.587 db=0.990 ari(km vs hier)=nan
2026-06-14 11:52:01.871 | INFO     | __main__:kinematic_cluster:189 - [1.4] k=6: sil=0.605 db=0.945 ari(km vs hier)=nan
2026-06-14 11:52:02.412 | INFO     | __main__:kinematic_cluster:205 - [1.4] candidate profiles (k=3 and k=4):
 n_states  cluster  velocity_mean  velocity_max  accel_mean  accel_min  accel_max  jerk_mean  accel_std  n_windows   pct
        3        0         0.0000        0.0000      0.0000     0.0000     0.0000     0.0000     0.0000     736634 49.42
        3        1         0.4164        0.6044      0.0360     0.0030     0.0557     0.0019     0.6837     269928 18.11
        3        2         0.5881        0.6964     -0.0229    -0.0429     0.0000    -0.0010     0.4846     483935 32.47
        4        0         0.8421        0.8952      0.0019    -0.0022     0.0149    -0.0028     0.5187     257471 17.27
        4        1         0.3432        0.4897     -0.0327    -0.0446    -0.0101    -0.0003     0.5079     302008 20.26
        4        2         0.0000        0.0000      0.0000     0.0000     0.0000     0.0000     0.0000     717211 48.12
        4        3         0.3046        0.5020      0.0410     0.0033     0.0564     0.0037     0.7156     213807 14.34
2026-06-14 11:52:03.516 | INFO     | __main__:kinematic_cluster:237 - [1.4] candidates saved; DECIDE k in 03_phase1_validate.py (D2)
2026-06-14 11:52:03.536 | INFO     | __main__:main:246 - DONE phase1 cluster (candidates) | RSS=5.29GB
2026-06-16 13:41:06.051 | INFO     | __main__:main:256 - START phase1 kinematic cluster | RSS=0.19GB
2026-06-16 13:41:06.052 | INFO     | __main__:operational_audit:91 - [1.2] checkpoint: operational_state_audit.csv exists — skipping
2026-06-16 13:41:06.052 | INFO     | __main__:build_windows:119 - [1.3] checkpoint: train_windows.parquet exists — loading
2026-06-16 13:41:08.953 | INFO     | __main__:kinematic_cluster:169 - [1.4] kinematic clustering on 12 feats, 1,490,497 windows
2026-06-16 13:41:25.916 | INFO     | __main__:kinematic_cluster:195 - [1.4] k=2: sil=0.476 db=0.999 ari(km vs hier)=nan bic=-999,076
2026-06-16 13:41:40.554 | INFO     | __main__:kinematic_cluster:195 - [1.4] k=3: sil=0.535 db=1.196 ari(km vs hier)=0.811 bic=-1,088,827
2026-06-16 13:41:55.594 | INFO     | __main__:kinematic_cluster:195 - [1.4] k=4: sil=0.567 db=1.091 ari(km vs hier)=0.766 bic=-1,210,764
2026-06-16 13:42:15.325 | INFO     | __main__:kinematic_cluster:195 - [1.4] k=5: sil=0.587 db=0.990 ari(km vs hier)=nan bic=-1,321,647
2026-06-16 13:42:35.314 | INFO     | __main__:kinematic_cluster:195 - [1.4] k=6: sil=0.605 db=0.945 ari(km vs hier)=nan bic=-1,375,693
2026-06-16 13:42:36.407 | INFO     | __main__:kinematic_cluster:212 - [1.4] candidate profiles (k=3 and k=4):
 n_states  cluster  velocity_mean  velocity_max  accel_mean  accel_min  accel_max  jerk_mean  accel_std  n_windows   pct
        3        0         0.0000        0.0000      0.0000     0.0000     0.0000     0.0000     0.0000     736634 49.42
        3        1         0.4164        0.6044      0.0360     0.0030     0.0557     0.0019     0.6837     269928 18.11
        3        2         0.5881        0.6964     -0.0229    -0.0429     0.0000    -0.0010     0.4846     483935 32.47
        4        0         0.8421        0.8952      0.0019    -0.0022     0.0149    -0.0028     0.5187     257471 17.27
        4        1         0.3432        0.4897     -0.0327    -0.0446    -0.0101    -0.0003     0.5079     302008 20.26
        4        2         0.0000        0.0000      0.0000     0.0000     0.0000     0.0000     0.0000     717211 48.12
        4        3         0.3046        0.5020      0.0410     0.0033     0.0564     0.0037     0.7156     213807 14.34
2026-06-16 13:42:38.507 | INFO     | __main__:kinematic_cluster:251 - [1.4] candidates saved; DECIDE k in 03_phase1_validate.py (D2)
2026-06-16 13:42:38.539 | INFO     | __main__:main:260 - DONE phase1 cluster (candidates) | RSS=5.22GB
